0 info it worked if it ends with ok
1 verbose cli [ 'C:\\Program Files\\nodejs\\node.exe',
1 verbose cli   'C:\\Program Files\\nodejs\\node_modules\\npm\\bin\\npm-cli.js',
1 verbose cli   'publish' ]
2 info using npm@3.10.8
3 info using node@v6.9.1
4 verbose publish [ '.' ]
5 silly cache add args [ '.', null ]
6 verbose cache add spec .
7 silly cache add parsed spec Result {
7 silly cache add   raw: '.',
7 silly cache add   scope: null,
7 silly cache add   escapedName: null,
7 silly cache add   name: null,
7 silly cache add   rawSpec: '.',
7 silly cache add   spec: 'C:\\Root\\Apps\\@V\\@Modules\\react-native-libmuse\\Main',
7 silly cache add   type: 'directory' }
8 verbose addLocalDirectory C:\Users\Stephen\AppData\Roaming\npm-cache\react-native-libmuse\1.0.5\package.tgz not in flight; packing
9 verbose correctMkdir C:\Users\Stephen\AppData\Roaming\npm-cache correctMkdir not in flight; initializing
10 info lifecycle react-native-libmuse@1.0.5~prepublish: react-native-libmuse@1.0.5
11 silly lifecycle react-native-libmuse@1.0.5~prepublish: no script for prepublish, continuing
12 verbose tar pack [ 'C:\\Users\\Stephen\\AppData\\Roaming\\npm-cache\\react-native-libmuse\\1.0.5\\package.tgz',
12 verbose tar pack   'C:\\Root\\Apps\\@V\\@Modules\\react-native-libmuse\\Main' ]
13 verbose tarball C:\Users\Stephen\AppData\Roaming\npm-cache\react-native-libmuse\1.0.5\package.tgz
14 verbose folder C:\Root\Apps\@V\@Modules\react-native-libmuse\Main
15 verbose addLocalTarball adding from inside cache C:\Users\Stephen\AppData\Roaming\npm-cache\react-native-libmuse\1.0.5\package.tgz
16 verbose correctMkdir C:\Users\Stephen\AppData\Roaming\npm-cache correctMkdir not in flight; initializing
17 silly cache afterAdd react-native-libmuse@1.0.5
18 verbose afterAdd C:\Users\Stephen\AppData\Roaming\npm-cache\react-native-libmuse\1.0.5\package\package.json not in flight; writing
19 verbose correctMkdir C:\Users\Stephen\AppData\Roaming\npm-cache correctMkdir not in flight; initializing
20 verbose afterAdd C:\Users\Stephen\AppData\Roaming\npm-cache\react-native-libmuse\1.0.5\package\package.json written
21 silly publish { name: 'react-native-libmuse',
21 silly publish   version: '1.0.5',
21 silly publish   description: 'Bridge between libmuse and react-native.',
21 silly publish   main: 'index.js',
21 silly publish   scripts: {},
21 silly publish   author: { name: 'Venryx' },
21 silly publish   license: 'MIT',
21 silly publish   dependencies: {},
21 silly publish   repository:
21 silly publish    { type: 'git',
21 silly publish      url: 'git+https://github.com/Venryx/react-native-libmuse.git' },
21 silly publish   keywords: [ 'react-component', 'react-native', 'android' ],
21 silly publish   readme: '# react-native-libmuse\r\nBridge between libmuse and react-native. (used for my other project)\r\n\r\n# Install\r\n\r\n1) Run "npm install react-native-libmuse --save".  \r\n2) Download and install libmuse from here: http://dev.choosemuse.com/android  \r\n3) Copy "[libmuse install folder]/android/libs/libmuse_android.jar" into "[your project folder]/node_modules/react-native-libmuse/android/Libraries/".  \r\n4) Copy "[libmuse install folder]/android/libs/armeabi-v7a/" into "[your project folder]/node_modules/react-native-libmuse/android/src/main/jniLibs/".  \r\n\r\n# Link module with your project\r\n\r\n## Option A - automatic\r\n\r\n#### With React Native 0.27+\r\n\r\n```shell\r\nreact-native link react-native-libmuse\r\n```\r\n\r\n## Option B - manual\r\n\r\n##### Android\r\n\r\n- in `android/app/build.gradle`:\r\n\r\n```diff\r\ndependencies {\r\n    ...\r\n    compile "com.facebook.react:react-native:+"  // From node_modules\r\n+   compile project(\':react-native-libmuse\')\r\n}\r\n```\r\n\r\n- in `android/settings.gradle`:\r\n\r\n```diff\r\n...\r\ninclude \':app\'\r\n+ include \':react-native-libmuse\'\r\n+ project(\':react-native-libmuse\').projectDir = new File(rootProject.projectDir, \'../node_modules/react-native-libmuse/android\')\r\n```\r\n\r\n##### With React Native 0.29+\r\n\r\n- in `MainApplication.java`:\r\n\r\n```diff\r\n+ import com.v.LibMuse;\r\n\r\n  public class MainApplication extends Application implements ReactApplication {\r\n    //......\r\n\r\n    @Override\r\n    protected List<ReactPackage> getPackages() {\r\n      return Arrays.<ReactPackage>asList(\r\n+         new LibMuse(),\r\n          new MainReactPackage()\r\n      );\r\n    }\r\n\r\n    ......\r\n  }\r\n```\r\n\r\n# Usage\r\n\r\n```\r\nvar LibMuse = require("react-native-libmuse");\r\nLibMuse.Start();\r\n//LibMuse.Refresh(); // calling this can improve the device-find speed, for some reason\r\nDeviceEventEmitter.addListener("OnMuseListChange", args=> {\r\n\tvar [museList] = args;\r\n\tif (museList.length)\r\n\t\tLibMuse.Connect();\r\n});\r\nDeviceEventEmitter.addListener("OnReceiveMuseDataPacket", args=> {\r\n\tvar [type, dataStr] = args;\r\n\tvar data = FromJSON(dataStr);\r\n\tconsole.log(`Type: ${type} Data: ${JSON.stringify(data)}`);\r\n\t// ex: "Type: eeg Data: [0.0,728.901098901099,998.0586080586081,1517.838827838828,NaN,NaN]"\r\n});\r\n```',
21 silly publish   readmeFilename: 'README.md',
21 silly publish   gitHead: 'cf23e6d16c2ec23f881f1284f2699771444a676c',
21 silly publish   bugs: { url: 'https://github.com/Venryx/react-native-libmuse/issues' },
21 silly publish   homepage: 'https://github.com/Venryx/react-native-libmuse#readme',
21 silly publish   _id: 'react-native-libmuse@1.0.5',
21 silly publish   _shasum: '96eb46ecdff2742da601e78b89a10ae0c868f77d',
21 silly publish   _from: '.' }
22 verbose getPublishConfig undefined
23 silly mapToRegistry name react-native-libmuse
24 silly mapToRegistry using default registry
25 silly mapToRegistry registry https://registry.npmjs.org/
26 silly mapToRegistry data Result {
26 silly mapToRegistry   raw: 'react-native-libmuse',
26 silly mapToRegistry   scope: null,
26 silly mapToRegistry   escapedName: 'react-native-libmuse',
26 silly mapToRegistry   name: 'react-native-libmuse',
26 silly mapToRegistry   rawSpec: '',
26 silly mapToRegistry   spec: 'latest',
26 silly mapToRegistry   type: 'tag' }
27 silly mapToRegistry uri https://registry.npmjs.org/react-native-libmuse
28 verbose publish registryBase https://registry.npmjs.org/
29 silly publish uploading C:\Users\Stephen\AppData\Roaming\npm-cache\react-native-libmuse\1.0.5\package.tgz
30 verbose request uri https://registry.npmjs.org/react-native-libmuse
31 verbose request sending authorization for write operation
32 info attempt registry request try #1 at 10:30:02 PM
33 verbose request using bearer token for auth
34 verbose request id eae2e209a0db1f53
35 http request PUT https://registry.npmjs.org/react-native-libmuse
36 http 403 https://registry.npmjs.org/react-native-libmuse
37 verbose headers { 'content-type': 'application/json',
37 verbose headers   'cache-control': 'max-age=300',
37 verbose headers   'content-length': '95',
37 verbose headers   'accept-ranges': 'bytes',
37 verbose headers   date: 'Wed, 23 Nov 2016 06:30:03 GMT',
37 verbose headers   via: '1.1 varnish',
37 verbose headers   connection: 'keep-alive',
37 verbose headers   'x-served-by': 'cache-sea1924-SEA',
37 verbose headers   'x-cache': 'MISS',
37 verbose headers   'x-cache-hits': '0',
37 verbose headers   'x-timer': 'S1479882603.125612,VS0,VE81',
37 verbose headers   vary: 'Accept-Encoding' }
38 verbose request invalidating C:\Users\Stephen\AppData\Roaming\npm-cache\registry.npmjs.org\react-native-libmuse on PUT
39 error publish Failed PUT 403
40 verbose stack Error: "You cannot publish over the previously published version 1.0.5." : react-native-libmuse
40 verbose stack     at makeError (C:\Users\Stephen\AppData\Roaming\nvm\v6.9.1\node_modules\npm\node_modules\npm-registry-client\lib\request.js:302:12)
40 verbose stack     at CachingRegistryClient.<anonymous> (C:\Users\Stephen\AppData\Roaming\nvm\v6.9.1\node_modules\npm\node_modules\npm-registry-client\lib\request.js:290:14)
40 verbose stack     at Request._callback (C:\Users\Stephen\AppData\Roaming\nvm\v6.9.1\node_modules\npm\node_modules\npm-registry-client\lib\request.js:210:14)
40 verbose stack     at Request.self.callback (C:\Users\Stephen\AppData\Roaming\nvm\v6.9.1\node_modules\npm\node_modules\request\request.js:187:22)
40 verbose stack     at emitTwo (events.js:106:13)
40 verbose stack     at Request.emit (events.js:191:7)
40 verbose stack     at Request.<anonymous> (C:\Users\Stephen\AppData\Roaming\nvm\v6.9.1\node_modules\npm\node_modules\request\request.js:1044:10)
40 verbose stack     at emitOne (events.js:96:13)
40 verbose stack     at Request.emit (events.js:188:7)
40 verbose stack     at IncomingMessage.<anonymous> (C:\Users\Stephen\AppData\Roaming\nvm\v6.9.1\node_modules\npm\node_modules\request\request.js:965:12)
41 verbose statusCode 403
42 verbose pkgid react-native-libmuse
43 verbose cwd C:\Root\Apps\@V\@Modules\react-native-libmuse\Main
44 error Windows_NT 10.0.14393
45 error argv "C:\\Program Files\\nodejs\\node.exe" "C:\\Program Files\\nodejs\\node_modules\\npm\\bin\\npm-cli.js" "publish"
46 error node v6.9.1
47 error npm  v3.10.8
48 error code E403
49 error "You cannot publish over the previously published version 1.0.5." : react-native-libmuse
50 error If you need help, you may report this error at:
50 error     <https://github.com/npm/npm/issues>
51 verbose exit [ 1, true ]
